 Mon 21 Jun 2021 02:29:05 PM MSK  СДКА ЗАПУЩЕН
 Mon 21 Jun 2021 02:29:08 PM MSK  Пользователь выбрал запуск инициализации
 Mon 21 Jun 2021 02:29:08 PM MSK  Предзагрузка прошла корректно
 Mon 21 Jun 2021 02:29:08 PM MSK  Начало теста приборов
 Mon 21 Jun 2021 02:29:11 PM MSK  Тест тахометра пройден
 Mon 21 Jun 2021 02:29:13 PM MSK  Тест переключения пройден
 Mon 21 Jun 2021 02:29:18 PM MSK  Тест переключения максимальной скорости пройден
 Mon 21 Jun 2021 02:29:19 PM MSK  Тест спидометра пройден
 Mon 21 Jun 2021 02:29:21 PM MSK  Тесты окончены успешно
 Mon 21 Jun 2021 02:29:22 PM MSK  Check engine RED
 Mon 21 Jun 2021 02:29:25 PM MSK  Check engine GREEN
 Mon 21 Jun 2021 02:29:55 PM MSK  Программа завершена!
++++++++++++++++++++++++++++++++++++++++++++++++++++++++++++++++++++++++++++++++++
-e  Fri Sep 17 21:56:14 MSK 2021  СДКА ЗАПУЩЕН
-e  Fri Sep 17 21:56:16 MSK 2021  Пользователь выбрал запуск инициализации
 Fri Sep 17 21:56:17 MSK 2021  Предзагрузка прошла корректно
 Fri Sep 17 21:56:17 MSK 2021  Начало теста приборов
-e  Fri Sep 17 21:58:45 MSK 2021  СДКА ЗАПУЩЕН
-e  Fri Sep 17 21:58:49 MSK 2021  Пользователь выбрал запуск инициализации
 Fri Sep 17 21:58:50 MSK 2021  Предзагрузка прошла корректно
 Fri Sep 17 21:58:50 MSK 2021  Начало теста приборов
 Fri Sep 17 21:58:53 MSK 2021  Тест тахометра пройден
 Fri Sep 17 21:58:54 MSK 2021  Тест переключения пройден
 Fri Sep 17 21:59:00 MSK 2021  Тест переключения максимальной скорости пройден
 Fri Sep 17 21:59:01 MSK 2021  Тест спидометра пройден
 Fri Sep 17 21:59:03 MSK 2021  Тесты окончены успешно
 Fri Sep 17 21:59:04 MSK 2021  Check engine RED
 Fri Sep 17 21:59:07 MSK 2021  Check engine GREEN
-e  Fri Sep 17 22:00:41 MSK 2021  СДКА ЗАПУЩЕН
-e  Fri Sep 17 22:00:43 MSK 2021  Пользователь выбрал запуск инициализации
 Fri Sep 17 22:00:43 MSK 2021  Предзагрузка прошла корректно
 Fri Sep 17 22:00:43 MSK 2021  Начало теста приборов
 Fri Sep 17 22:00:46 MSK 2021  Тест тахометра пройден
 Fri Sep 17 22:00:48 MSK 2021  Тест переключения пройден
 Fri Sep 17 22:00:53 MSK 2021  Тест переключения максимальной скорости пройден
 Fri Sep 17 22:00:55 MSK 2021  Тест спидометра пройден
 Fri Sep 17 22:00:57 MSK 2021  Тесты окончены успешно
 Fri Sep 17 22:00:58 MSK 2021  Check engine RED
-e  Fri Sep 17 22:02:15 MSK 2021  СДКА ЗАПУЩЕН
-e  Fri Sep 17 22:02:18 MSK 2021  Пользователь выбрал запуск инициализации
 Fri Sep 17 22:02:18 MSK 2021  Предзагрузка прошла корректно
 Fri Sep 17 22:02:18 MSK 2021  Начало теста приборов
 Fri Sep 17 22:02:21 MSK 2021  Тест тахометра пройден
-e  Пт 17 сен 2021 22:05:17 MSK  СДКА ЗАПУЩЕН
-e  Пт 17 сен 2021 22:11:45 MSK  Пользователь выбрал запуск инициализации
 Пт 17 сен 2021 22:11:48 MSK  Предзагрузка прошла корректно
 Пт 17 сен 2021 22:11:48 MSK  Начало теста приборов
 Пт 17 сен 2021 22:11:51 MSK  Тест тахометра пройден
 Пт 17 сен 2021 22:11:53 MSK  Тест переключения пройден
 Пт 17 сен 2021 22:11:58 MSK  Тест переключения максимальной скорости пройден
 Пт 17 сен 2021 22:12:00 MSK  Тест спидометра пройден
 Пт 17 сен 2021 22:12:02 MSK  Тесты окончены успешно
 Пт 17 сен 2021 22:12:03 MSK  Check engine RED
 Пт 17 сен 2021 22:12:06 MSK  Check engine GREEN
-e  Fri Sep 17 22:31:36 MSK 2021  СДКА ЗАПУЩЕН
-e  Fri Sep 17 22:31:37 MSK 2021  Пользователь выбрал запуск инициализации
 Fri Sep 17 22:31:38 MSK 2021  Предзагрузка прошла корректно
 Fri Sep 17 22:31:38 MSK 2021  Начало теста приборов
 Fri Sep 17 22:31:40 MSK 2021  Тест тахометра пройден
 Fri Sep 17 22:31:42 MSK 2021  Тест переключения пройден
 Fri Sep 17 22:31:47 MSK 2021  Тест переключения максимальной скорости пройден
 Fri Sep 17 22:31:49 MSK 2021  Тест спидометра пройден
 Fri Sep 17 22:31:51 MSK 2021  Тесты окончены успешно
 Fri Sep 17 22:31:51 MSK 2021  Check engine RED
-e  Fri Sep 17 22:32:37 MSK 2021  СДКА ЗАПУЩЕН
-e  Fri Sep 17 22:32:38 MSK 2021  Пользователь выбрал запуск инициализации
 Fri Sep 17 22:32:39 MSK 2021  Предзагрузка прошла корректно
 Fri Sep 17 22:32:39 MSK 2021  Начало теста приборов
 Fri Sep 17 22:32:43 MSK 2021  Тест тахометра пройден
 Fri Sep 17 22:32:45 MSK 2021  Тест переключения пройден
 Fri Sep 17 22:32:50 MSK 2021  Тест переключения максимальной скорости пройден
 Fri Sep 17 22:32:53 MSK 2021  Тест спидометра пройден
 Fri Sep 17 22:32:55 MSK 2021  Тесты окончены успешно
-e  Сб 18 сен 2021 11:15:49 MSK  СДКА ЗАПУЩЕН
-e  Сб 18 сен 2021 11:16:04 MSK  Пользователь выбрал запуск отмену инициализации
-e  Сб 18 сен 2021 11:16:24 MSK  СДКА ЗАПУЩЕН
-e  Сб 18 сен 2021 11:16:27 MSK  Пользователь выбрал запуск инициализации
-e  Сб 18 сен 2021 11:16:38 MSK  СДКА ЗАПУЩЕН
-e  Сб 18 сен 2021 11:16:39 MSK  Пользователь выбрал запуск инициализации
-e  Сб 18 сен 2021 11:17:27 MSK  СДКА ЗАПУЩЕН
-e  Сб 18 сен 2021 11:17:29 MSK  Пользователь выбрал запуск инициализации
-e  Сб 18 сен 2021 11:17:58 MSK  СДКА ЗАПУЩЕН
-e  Сб 18 сен 2021 11:18:00 MSK  Пользователь выбрал запуск инициализации
 Сб 18 сен 2021 11:18:05 MSK  Предзагрузка прошла корректно
 Сб 18 сен 2021 11:18:05 MSK  Начало теста приборов
 Сб 18 сен 2021 11:18:07 MSK  Тесты окончены успешно
 Сб 18 сен 2021 11:18:08 MSK  Check engine RED
-e  Сб 18 сен 2021 11:18:19 MSK  СДКА ЗАПУЩЕН
-e  Сб 18 сен 2021 11:18:20 MSK  Пользователь выбрал запуск инициализации
 Сб 18 сен 2021 11:18:21 MSK  Предзагрузка прошла корректно
 Сб 18 сен 2021 11:18:21 MSK  Начало теста приборов
 Сб 18 сен 2021 11:18:23 MSK  Тесты окончены успешно
 Сб 18 сен 2021 11:18:24 MSK  Check engine RED
 Сб 18 сен 2021 11:18:27 MSK  Check engine GREEN
 Сб 18 сен 2021 11:18:57 MSK  Программа завершена!
++++++++++++++++++++++++++++++++++++++++++++++++++++++++++++++++++++++++++++++++++
-e  Сб 18 сен 2021 11:19:37 MSK  СДКА ЗАПУЩЕН
-e  Сб 18 сен 2021 11:19:38 MSK  Пользователь выбрал запуск инициализации
 Сб 18 сен 2021 11:19:39 MSK  Предзагрузка прошла корректно
 Сб 18 сен 2021 11:19:39 MSK  Начало теста приборов
 Сб 18 сен 2021 11:19:41 MSK  Тесты окончены успешно
 Сб 18 сен 2021 11:19:42 MSK  Check engine RED
-e  Сб 18 сен 2021 11:20:03 MSK  СДКА ЗАПУЩЕН
-e  Сб 18 сен 2021 11:20:04 MSK  Пользователь выбрал запуск инициализации
 Сб 18 сен 2021 11:20:05 MSK  Предзагрузка прошла корректно
 Сб 18 сен 2021 11:20:05 MSK  Начало теста приборов
 Сб 18 сен 2021 11:20:07 MSK  Тест тахометра пройден
 Сб 18 сен 2021 11:20:09 MSK  Тест переключения пройден
 Сб 18 сен 2021 11:20:14 MSK  Тест переключения максимальной скорости пройден
 Сб 18 сен 2021 11:20:16 MSK  Тест спидометра пройден
-e  Сб 18 сен 2021 11:20:18 MSK  СДКА ЗАПУЩЕН
-e  Сб 18 сен 2021 11:20:19 MSK  Пользователь выбрал запуск инициализации
 Сб 18 сен 2021 11:20:19 MSK  Предзагрузка прошла корректно
 Сб 18 сен 2021 11:20:19 MSK  Начало теста приборов
 Сб 18 сен 2021 11:20:22 MSK  Тест тахометра пройден
 Сб 18 сен 2021 11:20:24 MSK  Тест переключения пройден
 Сб 18 сен 2021 11:20:29 MSK  Тест переключения максимальной скорости пройден
 Сб 18 сен 2021 11:20:31 MSK  Тест спидометра пройден
 Сб 18 сен 2021 11:20:33 MSK  Тесты окончены успешно
 Сб 18 сен 2021 11:20:33 MSK  Check engine RED
